<?xml version="1.0" encoding="UTF-8"?>
<!-- Generated by org.testng.reporters.JUnitXMLReporter -->
<testsuite hostname="Naveen-Mac.local" ignored="0" name="Go Rest regression Test" tests="10" failures="0" timestamp="18 Sep 2019 02:47:43 GMT" time="90.806" errors="0">
  <testcase name="createUserAPIPOSTTest" time="49.274" classname="com.qa.gorest.tests.CreateUserAPITest"/>
  <testcase name="createUserAPIPOSTTest" time="49.275" classname="com.qa.gorest.tests.CreateUserAPITest"/>
  <testcase name="createUserAPIPOSTTest" time="54.068" classname="com.qa.gorest.tests.CreateUserAPITest"/>
  <testcase name="createUserAPIPOSTTest" time="59.052" classname="com.qa.gorest.tests.CreateUserAPITest"/>
  <testcase name="createUserAPIPOSTTest" time="64.055" classname="com.qa.gorest.tests.CreateUserAPITest"/>
  <testcase name="createUserAPIPOSTTest" time="69.327" classname="com.qa.gorest.tests.CreateUserAPITest"/>
  <testcase name="getUserListAPITest" time="76.407" classname="com.qa.gorest.tests.GetUserAPITest"/>
  <testcase name="createUserAPIPUTTest_WithConstructor" time="10.078" classname="com.qa.gorest.tests.UpdateUserAPITest"/>
  <testcase name="deleteUserTest" time="85.842" classname="com.qa.gorest.tests.DeleteUserAPITest"/>
  <testcase name="createUserAPIPUTTest_WithSetter" time="9.987" classname="com.qa.gorest.tests.UpdateUserAPITest"/>
</testsuite> <!-- Go Rest regression Test -->
