<?xml version="1.0" encoding="UTF-8"?>
<testng-results skipped="0" failed="0" ignored="0" total="10" passed="10">
  <reporter-output>
  </reporter-output>
  <suite name="GO Rest Test Suite" duration-ms="90806" started-at="2019-09-18T02:46:07Z" finished-at="2019-09-18T02:47:38Z">
    <groups>
    </groups>
    <test name="Go Rest regression Test" duration-ms="90806" started-at="2019-09-18T02:46:07Z" finished-at="2019-09-18T02:47:38Z">
      <class name="com.qa.gorest.tests.CreateUserAPITest">
        <test-method status="PASS" signature="createUserAPIPOSTTest(java.lang.String, java.lang.String, java.lang.String, java.lang.String, java.lang.String, java.lang.String, java.lang.String, java.lang.String, java.lang.String)[pri:0, instance:com.qa.gorest.tests.CreateUserAPITest@72bd06ca]" name="createUserAPIPOSTTest" duration-ms="64055" started-at="2019-09-18T02:46:08Z" data-provider="getUserData" finished-at="2019-09-18T02:47:12Z">
          <params>
            <param index="0">
              <value>
                <![CDATA[Varun]]>
              </value>
            </param>
            <param index="1">
              <value>
                <![CDATA[S]]>
              </value>
            </param>
            <param index="2">
              <value>
                <![CDATA[male]]>
              </value>
            </param>
            <param index="3">
              <value>
                <![CDATA[02-Jan-1977]]>
              </value>
            </param>
            <param index="4">
              <value>
                <![CDATA[varun1@gmail.com]]>
              </value>
            </param>
            <param index="5">
              <value>
                <![CDATA[+1-222-333-2323]]>
              </value>
            </param>
            <param index="6">
              <value>
                <![CDATA[http://www.google.com]]>
              </value>
            </param>
            <param index="7">
              <value>
                <![CDATA[test address]]>
              </value>
            </param>
            <param index="8">
              <value>
                <![CDATA[active]]>
              </value>
            </param>
          </params>
          <reporter-output>
          </reporter-output>
        </test-method> <!-- createUserAPIPOSTTest -->
        <test-method status="PASS" signature="createUserAPIPOSTTest(java.lang.String, java.lang.String, java.lang.String, java.lang.String, java.lang.String, java.lang.String, java.lang.String, java.lang.String, java.lang.String)[pri:0, instance:com.qa.gorest.tests.CreateUserAPITest@72bd06ca]" name="createUserAPIPOSTTest" duration-ms="59052" started-at="2019-09-18T02:46:08Z" data-provider="getUserData" finished-at="2019-09-18T02:47:07Z">
          <params>
            <param index="0">
              <value>
                <![CDATA[Irina]]>
              </value>
            </param>
            <param index="1">
              <value>
                <![CDATA[Z]]>
              </value>
            </param>
            <param index="2">
              <value>
                <![CDATA[female]]>
              </value>
            </param>
            <param index="3">
              <value>
                <![CDATA[01-Jan-1975]]>
              </value>
            </param>
            <param index="4">
              <value>
                <![CDATA[irina1@gmail.com]]>
              </value>
            </param>
            <param index="5">
              <value>
                <![CDATA[+1-222-333-2323]]>
              </value>
            </param>
            <param index="6">
              <value>
                <![CDATA[http://www.google.com]]>
              </value>
            </param>
            <param index="7">
              <value>
                <![CDATA[test address]]>
              </value>
            </param>
            <param index="8">
              <value>
                <![CDATA[active]]>
              </value>
            </param>
          </params>
          <reporter-output>
          </reporter-output>
        </test-method> <!-- createUserAPIPOSTTest -->
        <test-method status="PASS" signature="createUserAPIPOSTTest(java.lang.String, java.lang.String, java.lang.String, java.lang.String, java.lang.String, java.lang.String, java.lang.String, java.lang.String, java.lang.String)[pri:0, instance:com.qa.gorest.tests.CreateUserAPITest@72bd06ca]" name="createUserAPIPOSTTest" duration-ms="49275" started-at="2019-09-18T02:46:08Z" data-provider="getUserData" finished-at="2019-09-18T02:46:57Z">
          <params>
            <param index="0">
              <value>
                <![CDATA[Sarang]]>
              </value>
            </param>
            <param index="1">
              <value>
                <![CDATA[H]]>
              </value>
            </param>
            <param index="2">
              <value>
                <![CDATA[male]]>
              </value>
            </param>
            <param index="3">
              <value>
                <![CDATA[01-Jan-1976]]>
              </value>
            </param>
            <param index="4">
              <value>
                <![CDATA[sarang1@gmail.com]]>
              </value>
            </param>
            <param index="5">
              <value>
                <![CDATA[+1-222-333-2323]]>
              </value>
            </param>
            <param index="6">
              <value>
                <![CDATA[http://www.google.com]]>
              </value>
            </param>
            <param index="7">
              <value>
                <![CDATA[test address]]>
              </value>
            </param>
            <param index="8">
              <value>
                <![CDATA[active]]>
              </value>
            </param>
          </params>
          <reporter-output>
          </reporter-output>
        </test-method> <!-- createUserAPIPOSTTest -->
        <test-method status="PASS" signature="createUserAPIPOSTTest(java.lang.String, java.lang.String, java.lang.String, java.lang.String, java.lang.String, java.lang.String, java.lang.String, java.lang.String, java.lang.String)[pri:0, instance:com.qa.gorest.tests.CreateUserAPITest@72bd06ca]" name="createUserAPIPOSTTest" duration-ms="54068" started-at="2019-09-18T02:46:08Z" data-provider="getUserData" finished-at="2019-09-18T02:47:02Z">
          <params>
            <param index="0">
              <value>
                <![CDATA[Naveen]]>
              </value>
            </param>
            <param index="1">
              <value>
                <![CDATA[K]]>
              </value>
            </param>
            <param index="2">
              <value>
                <![CDATA[male]]>
              </value>
            </param>
            <param index="3">
              <value>
                <![CDATA[03-Jan-1965]]>
              </value>
            </param>
            <param index="4">
              <value>
                <![CDATA[naveen1@gmail.com]]>
              </value>
            </param>
            <param index="5">
              <value>
                <![CDATA[+1-222-333-2323]]>
              </value>
            </param>
            <param index="6">
              <value>
                <![CDATA[http://www.google.com]]>
              </value>
            </param>
            <param index="7">
              <value>
                <![CDATA[test address]]>
              </value>
            </param>
            <param index="8">
              <value>
                <![CDATA[active]]>
              </value>
            </param>
          </params>
          <reporter-output>
          </reporter-output>
        </test-method> <!-- createUserAPIPOSTTest -->
        <test-method status="PASS" signature="createUserAPIPOSTTest(java.lang.String, java.lang.String, java.lang.String, java.lang.String, java.lang.String, java.lang.String, java.lang.String, java.lang.String, java.lang.String)[pri:0, instance:com.qa.gorest.tests.CreateUserAPITest@72bd06ca]" name="createUserAPIPOSTTest" duration-ms="49274" started-at="2019-09-18T02:46:08Z" data-provider="getUserData" finished-at="2019-09-18T02:46:57Z">
          <params>
            <param index="0">
              <value>
                <![CDATA[Elvira]]>
              </value>
            </param>
            <param index="1">
              <value>
                <![CDATA[A]]>
              </value>
            </param>
            <param index="2">
              <value>
                <![CDATA[female]]>
              </value>
            </param>
            <param index="3">
              <value>
                <![CDATA[04-Jan-1979]]>
              </value>
            </param>
            <param index="4">
              <value>
                <![CDATA[elvira1@gmail.com]]>
              </value>
            </param>
            <param index="5">
              <value>
                <![CDATA[+1-222-333-2323]]>
              </value>
            </param>
            <param index="6">
              <value>
                <![CDATA[http://www.google.com]]>
              </value>
            </param>
            <param index="7">
              <value>
                <![CDATA[test address]]>
              </value>
            </param>
            <param index="8">
              <value>
                <![CDATA[active]]>
              </value>
            </param>
          </params>
          <reporter-output>
          </reporter-output>
        </test-method> <!-- createUserAPIPOSTTest -->
        <test-method status="PASS" signature="createUserAPIPOSTTest(java.lang.String, java.lang.String, java.lang.String, java.lang.String, java.lang.String, java.lang.String, java.lang.String, java.lang.String, java.lang.String)[pri:0, instance:com.qa.gorest.tests.CreateUserAPITest@72bd06ca]" name="createUserAPIPOSTTest" duration-ms="69327" started-at="2019-09-18T02:46:08Z" data-provider="getUserData" finished-at="2019-09-18T02:47:18Z">
          <params>
            <param index="0">
              <value>
                <![CDATA[Guli]]>
              </value>
            </param>
            <param index="1">
              <value>
                <![CDATA[A]]>
              </value>
            </param>
            <param index="2">
              <value>
                <![CDATA[female]]>
              </value>
            </param>
            <param index="3">
              <value>
                <![CDATA[05-Jan-1990]]>
              </value>
            </param>
            <param index="4">
              <value>
                <![CDATA[elvira1@gmail.com]]>
              </value>
            </param>
            <param index="5">
              <value>
                <![CDATA[+1-222-333-2323]]>
              </value>
            </param>
            <param index="6">
              <value>
                <![CDATA[http://www.google.com]]>
              </value>
            </param>
            <param index="7">
              <value>
                <![CDATA[test address]]>
              </value>
            </param>
            <param index="8">
              <value>
                <![CDATA[active]]>
              </value>
            </param>
          </params>
          <reporter-output>
          </reporter-output>
        </test-method> <!-- createUserAPIPOSTTest -->
      </class> <!-- com.qa.gorest.tests.CreateUserAPITest -->
      <class name="com.qa.gorest.tests.UpdateUserAPITest">
        <test-method status="PASS" signature="createUserAPIPUTTest_WithConstructor()[pri:0, instance:com.qa.gorest.tests.UpdateUserAPITest@4fe89c24]" name="createUserAPIPUTTest_WithConstructor" duration-ms="10078" started-at="2019-09-18T02:47:18Z" finished-at="2019-09-18T02:47:28Z">
          <reporter-output>
          </reporter-output>
        </test-method> <!-- createUserAPIPUTTest_WithConstructor -->
        <test-method status="PASS" signature="createUserAPIPUTTest_WithSetter()[pri:0, instance:com.qa.gorest.tests.UpdateUserAPITest@4fe89c24]" name="createUserAPIPUTTest_WithSetter" duration-ms="9987" started-at="2019-09-18T02:47:28Z" finished-at="2019-09-18T02:47:38Z">
          <reporter-output>
          </reporter-output>
        </test-method> <!-- createUserAPIPUTTest_WithSetter -->
      </class> <!-- com.qa.gorest.tests.UpdateUserAPITest -->
      <class name="com.qa.gorest.tests.DeleteUserAPITest">
        <test-method status="PASS" signature="deleteUserTest()[pri:0, instance:com.qa.gorest.tests.DeleteUserAPITest@89c10b7]" name="deleteUserTest" duration-ms="85842" started-at="2019-09-18T02:46:07Z" finished-at="2019-09-18T02:47:33Z">
          <reporter-output>
          </reporter-output>
        </test-method> <!-- deleteUserTest -->
      </class> <!-- com.qa.gorest.tests.DeleteUserAPITest -->
      <class name="com.qa.gorest.tests.GetUserAPITest">
        <test-method status="PASS" signature="getUserListAPITest()[pri:0, instance:com.qa.gorest.tests.GetUserAPITest@5dbe30be]" name="getUserListAPITest" duration-ms="76407" started-at="2019-09-18T02:46:07Z" finished-at="2019-09-18T02:47:23Z">
          <reporter-output>
          </reporter-output>
        </test-method> <!-- getUserListAPITest -->
      </class> <!-- com.qa.gorest.tests.GetUserAPITest -->
    </test> <!-- Go Rest regression Test -->
  </suite> <!-- GO Rest Test Suite -->
</testng-results>
